<?xml version="1.0" encoding="UTF-8"?>
<!-- Generated by org.testng.reporters.JUnitReportReporter -->
<testsuite hostname="Siva-PC" failures="0" tests="2" name="com.crm.pomTest.test1" time="52.464" errors="0" timestamp="2021-12-01T18:03:55 IST" skipped="0">
  <testcase classname="com.crm.pomTest.test1" name="tc2" time="22.161"/>
  <system-out/>
  <testcase classname="com.crm.pomTest.test1" name="tc1" time="30.303"/>
  <system-out/>
</testsuite> <!-- com.crm.pomTest.test1 -->
